2020-09-12 09:15:38,063 - library.common_util - INFO - Log directory: log/rnn/default/
2020-09-12 09:15:38,063 - library.common_util - INFO - {'base_dir': 'log/rnn/', 'data': {'batch_size': 128, 'dataset': '/home/ad/PycharmProjects/build_models/ML_platform/data/hanoi_data_median.csv', 'test_batch_size': 1, 'test_size': 0.2, 'valid_size': 0.2}, 'log_level': 'INFO', 'model': {'type': 'gru', 'rnn_units': 100, 'rnn_layers': 2, 'activation': 'relu', 'input_dim': 10, 'output_dim': 10, 'seq_len': 7, 'horizon': 1}, 'train': {'dropout': 0, 'epochs': 300, 'optimizer': 'adadelta', 'patience': 15, 'loss': 'mse'}}
2020-09-12 03:10:09,288 - library.common_util - INFO - Log directory: log/rnn/default/
2020-09-12 03:10:09,801 - library.common_util - INFO - {'base_dir': 'log/rnn/', 'data': {'batch_size': 128, 'dataset': '/home/ad/PycharmProjects/build_models/ML_platform/data/hanoi_data_median.csv', 'test_batch_size': 1, 'test_size': 0.2, 'valid_size': 0.2}, 'log_level': 'INFO', 'model': {'type': 'gru', 'rnn_units': 100, 'rnn_layers': 2, 'activation': 'relu', 'input_dim': 10, 'output_dim': 10, 'seq_len': 7, 'horizon': 1}, 'train': {'dropout': 0, 'epochs': 300, 'optimizer': 'adadelta', 'patience': 15, 'loss': 'mse'}}
2020-09-12 03:47:02,041 - library.common_util - INFO - Log directory: log/rnn/default/
2020-09-12 03:47:02,270 - library.common_util - INFO - {'base_dir': 'log/rnn/', 'data': {'batch_size': 128, 'dataset': '/home/ad/PycharmProjects/build_models/ML_platform/data/hanoi_data_median.csv', 'test_batch_size': 1, 'test_size': 0.2, 'valid_size': 0.2}, 'log_level': 'INFO', 'model': {'type': 'gru', 'rnn_units': 100, 'rnn_layers': 2, 'activation': 'relu', 'input_dim': 10, 'output_dim': 10, 'seq_len': 7, 'horizon': 1}, 'train': {'dropout': 0, 'epochs': 300, 'optimizer': 'adadelta', 'patience': 15, 'loss': 'mse'}}
2020-09-12 03:49:21,376 - library.common_util - INFO - Log directory: log/rnn/default/
2020-09-12 03:49:21,821 - library.common_util - INFO - {'base_dir': 'log/rnn/', 'data': {'batch_size': 128, 'dataset': '/data/hanoi_data_median.csv', 'test_batch_size': 1, 'test_size': 0.2, 'valid_size': 0.2}, 'log_level': 'INFO', 'model': {'type': 'gru', 'rnn_units': 100, 'rnn_layers': 2, 'activation': 'relu', 'input_dim': 10, 'output_dim': 10, 'seq_len': 7, 'horizon': 1}, 'train': {'dropout': 0, 'epochs': 300, 'optimizer': 'adadelta', 'patience': 15, 'loss': 'mse'}}
2020-09-12 03:50:05,622 - library.common_util - INFO - Log directory: log/rnn/default/
2020-09-12 03:50:05,623 - library.common_util - INFO - {'base_dir': 'log/rnn/', 'data': {'batch_size': 128, 'dataset': '/data/hanoi_data_median.csv', 'test_batch_size': 1, 'test_size': 0.2, 'valid_size': 0.2}, 'log_level': 'INFO', 'model': {'type': 'gru', 'rnn_units': 100, 'rnn_layers': 2, 'activation': 'relu', 'input_dim': 10, 'output_dim': 10, 'seq_len': 7, 'horizon': 1}, 'train': {'dropout': 0, 'epochs': 300, 'optimizer': 'adadelta', 'patience': 15, 'loss': 'mse'}}
2020-09-12 03:51:21,406 - library.common_util - INFO - Log directory: log/rnn/default/
2020-09-12 03:51:21,866 - library.common_util - INFO - {'base_dir': 'log/rnn/', 'data': {'batch_size': 128, 'dataset': './data/hanoi_data_median.csv', 'test_batch_size': 1, 'test_size': 0.2, 'valid_size': 0.2}, 'log_level': 'INFO', 'model': {'type': 'gru', 'rnn_units': 100, 'rnn_layers': 2, 'activation': 'relu', 'input_dim': 10, 'output_dim': 10, 'seq_len': 7, 'horizon': 1}, 'train': {'dropout': 0, 'epochs': 300, 'optimizer': 'adadelta', 'patience': 15, 'loss': 'mse'}}
2020-09-12 03:52:19,164 - library.common_util - INFO - Log directory: log/rnn/default/
2020-09-12 03:52:19,166 - library.common_util - INFO - {'base_dir': 'log/rnn/', 'data': {'batch_size': 128, 'dataset': './data/hanoi_data_median.csv', 'test_batch_size': 1, 'test_size': 0.2, 'valid_size': 0.2}, 'log_level': 'INFO', 'model': {'type': 'gru', 'rnn_units': 100, 'rnn_layers': 2, 'activation': 'relu', 'input_dim': 10, 'output_dim': 10, 'seq_len': 7, 'horizon': 1}, 'train': {'dropout': 0, 'epochs': 300, 'optimizer': 'adadelta', 'patience': 15, 'loss': 'mse'}}
2020-09-13 13:53:11,458 - library.common_util - INFO - Log directory: log/rnn/default/
2020-09-13 13:53:12,008 - library.common_util - INFO - {'base_dir': 'log/rnn/', 'data': {'batch_size': 128, 'dataset': './data/hanoi_data_median.csv', 'test_batch_size': 1, 'test_size': 0.2, 'valid_size': 0.2}, 'log_level': 'INFO', 'model': {'type': 'gru', 'rnn_units': 100, 'rnn_layers': 2, 'activation': 'relu', 'input_dim': 10, 'output_dim': 1, 'seq_len': 7, 'horizon': 1}, 'train': {'dropout': 0, 'epochs': 300, 'optimizer': 'adadelta', 'patience': 15, 'loss': 'mse'}}
2020-09-13 13:56:49,823 - library.common_util - INFO - Log directory: log/rnn/default/
2020-09-13 13:56:50,308 - library.common_util - INFO - {'base_dir': 'log/rnn/', 'data': {'batch_size': 128, 'dataset': './data/hanoi_data_median.csv', 'test_batch_size': 1, 'test_size': 0.2, 'valid_size': 0.2}, 'log_level': 'INFO', 'model': {'type': 'lstm', 'rnn_units': 100, 'rnn_layers': 2, 'activation': 'relu', 'input_dim': 10, 'output_dim': 1, 'seq_len': 7, 'horizon': 1}, 'train': {'dropout': 0, 'epochs': 300, 'optimizer': 'adadelta', 'patience': 15, 'loss': 'mse'}}
2020-09-13 14:01:49,910 - library.common_util - INFO - Log directory: log/rnn/default/
2020-09-13 14:01:50,195 - library.common_util - INFO - {'base_dir': 'log/rnn/', 'data': {'batch_size': 128, 'dataset': './data/hanoi_data_median.csv', 'test_batch_size': 1, 'test_size': 0.2, 'valid_size': 0.2}, 'log_level': 'INFO', 'model': {'type': 'lstm', 'rnn_units': 100, 'rnn_layers': 2, 'activation': 'relu', 'input_dim': 10, 'output_dim': 1, 'seq_len': 7, 'horizon': 1}, 'train': {'dropout': 0, 'epochs': 300, 'optimizer': 'adadelta', 'patience': 15, 'loss': 'mse'}}
2020-09-13 14:12:47,143 - library.common_util - INFO - Log directory: log/rnn/default/
2020-09-13 14:12:47,144 - library.common_util - INFO - {'base_dir': 'log/rnn/', 'data': {'batch_size': 128, 'dataset': './data/hanoi_data_median.csv', 'test_batch_size': 1, 'test_size': 0.2, 'valid_size': 0.2}, 'log_level': 'INFO', 'model': {'type': 'lstm', 'rnn_units': 100, 'rnn_layers': 2, 'activation': 'relu', 'input_dim': 10, 'output_dim': 1, 'seq_len': 7, 'horizon': 1}, 'train': {'dropout': 0, 'epochs': 300, 'optimizer': 'adadelta', 'patience': 15, 'loss': 'mse'}}
2020-09-13 14:17:02,914 - library.common_util - INFO - Log directory: log/rnn/default/
2020-09-13 14:17:02,915 - library.common_util - INFO - {'base_dir': 'log/rnn/', 'data': {'batch_size': 128, 'dataset': './data/hanoi_data_median.csv', 'test_batch_size': 1, 'test_size': 0.2, 'valid_size': 0.2}, 'log_level': 'INFO', 'model': {'type': 'lstm', 'rnn_units': 100, 'rnn_layers': 2, 'activation': 'relu', 'input_dim': 10, 'output_dim': 1, 'seq_len': 7, 'horizon': 1}, 'train': {'dropout': 0, 'epochs': 300, 'optimizer': 'adadelta', 'patience': 15, 'loss': 'mse'}}
2020-09-13 14:29:00,693 - library.common_util - INFO - Log directory: log/rnn/default/
2020-09-13 14:29:00,694 - library.common_util - INFO - {'base_dir': 'log/rnn/', 'data': {'batch_size': 128, 'dataset': './data/hanoi_data_median.csv', 'test_batch_size': 1, 'test_size': 0.2, 'valid_size': 0.2}, 'log_level': 'INFO', 'model': {'type': 'lstm', 'rnn_units': 100, 'rnn_layers': 2, 'activation': 'relu', 'input_dim': 10, 'output_dim': 1, 'seq_len': 7, 'horizon': 1}, 'train': {'dropout': 0, 'epochs': 300, 'optimizer': 'adadelta', 'patience': 15, 'loss': 'mse'}}
2020-09-13 14:30:58,435 - library.common_util - INFO - Log directory: log/rnn/default/
2020-09-13 14:30:58,436 - library.common_util - INFO - {'base_dir': 'log/rnn/', 'data': {'batch_size': 128, 'dataset': './data/hanoi_data_median.csv', 'test_batch_size': 1, 'test_size': 0.2, 'valid_size': 0.2}, 'log_level': 'INFO', 'model': {'type': 'lstm', 'rnn_units': 100, 'rnn_layers': 2, 'activation': 'relu', 'input_dim': 10, 'output_dim': 1, 'seq_len': 7, 'horizon': 1}, 'train': {'dropout': 0, 'epochs': 300, 'optimizer': 'adadelta', 'patience': 15, 'loss': 'mse'}}
2020-09-13 14:37:51,287 - library.common_util - INFO - Log directory: log/rnn/default/
2020-09-13 14:37:51,289 - library.common_util - INFO - {'base_dir': 'log/rnn/', 'data': {'batch_size': 128, 'dataset': './data/hanoi_data_median.csv', 'test_batch_size': 1, 'test_size': 0.2, 'valid_size': 0.2}, 'log_level': 'INFO', 'model': {'type': 'rnn', 'rnn_units': 100, 'rnn_layers': 2, 'activation': 'relu', 'input_dim': 10, 'output_dim': 1, 'seq_len': 7, 'horizon': 1}, 'train': {'dropout': 0, 'epochs': 300, 'optimizer': 'adadelta', 'patience': 15, 'loss': 'mse'}}
2020-09-13 14:39:44,337 - library.common_util - INFO - Log directory: log/rnn/default/
2020-09-13 14:39:44,338 - library.common_util - INFO - {'base_dir': 'log/rnn/', 'data': {'batch_size': 128, 'dataset': './data/hanoi_data_median.csv', 'test_batch_size': 1, 'test_size': 0.2, 'valid_size': 0.2}, 'log_level': 'INFO', 'model': {'type': 'rnn', 'rnn_units': 100, 'rnn_layers': 2, 'activation': 'relu', 'input_dim': 10, 'output_dim': 1, 'seq_len': 7, 'horizon': 1}, 'train': {'dropout': 0, 'epochs': 300, 'optimizer': 'adadelta', 'patience': 15, 'loss': 'mse'}}
